<?xml version="1.0" encoding="UTF-8" ?>
<testsuite tests="7" failures="0" name="com.bnpparibasfortis.TestSuite" time="0.002" errors="0" skipped="1">
  <properties>
[...]
</properties>
  <testcase classname="com.bnpparibasfortis.TestPerson" name="calculateAge_personShouldBe10" time="0"/>
  <testcase classname="com.bnpparibasfortis.TestPerson" name="personShouldBeAnAdult" time="0"/>
  <testcase classname="com.bnpparibasfortis.TestPerson" name="toStringSentenceStartsWithPerson" time="0.001"/>
  <testcase classname="com.bnpparibasfortis.TestAddress" name="addressInAFileExists" time="0"/>
  <testcase classname="com.bnpparibasfortis.TestAddress" name="belgianZipCodeShouldBeNumeric" time="0.001"/>
  <testcase classname="com.bnpparibasfortis.TestAddress" name="addressInAFileShouldThrowAnException" time="0"/>
  <testcase classname="com.bnpparibasfortis.TestAddress" name="noIdeaYetWhatWeAreGoingToTest" time="0">
    <skipped/>
  </testcase>
</testsuite>